# JRE version: OpenJDK Runtime Environment Temurin-21.0.8+9 (21.0.8+9) (build 21.0.8+9-LTS)
# Java VM: OpenJDK 64-Bit Server VM Temurin-21.0.8+9 (21.0.8+9-LTS, mixed mode, tiered, compressed oops, compressed class ptrs, g1 gc, windows-amd64)
GC Precious Log:
 CardTable entry size: 512
 Card Set container configuration: InlinePtr #cards 4 size 8 Array Of Cards #cards 16 size 48 Howl #buckets 8 coarsen threshold 3686 Howl Bitmap #cards 512 size 80 coarsen threshold 460 Card regions per heap region 1 cards per card region 4096
 CPUs: 8 total, 8 available
 Memory: 16129M
 Large Page Support: Disabled
 NUMA Support: Disabled
 Compressed Oops: Enabled (Zero based)
 Heap Region Size: 2M
 Heap Min Capacity: 8M
 Heap Initial Capacity: 254M
 Heap Max Capacity: 4034M
 Pre-touch: Disabled
 Parallel Workers: 8
 Concurrent Workers: 2
 Concurrent Refinement Workers: 8
 Periodic GC: Disabled
Heap:
 garbage-first heap   total 385024K, used 142656K [0x0000000703e00000, 0x0000000800000000)
  region size 2048K, 9 young (18432K), 9 survivors (18432K)
 Metaspace       used 88273K, committed 89344K, reserved 1179648K
  class space    used 9870K, committed 10368K, reserved 1048576K
GC Heap History (20 events):
Event: 44.254 GC heap after
{Heap after GC invocations=74 (full 0):
 garbage-first heap   total 385024K, used 127017K [0x0000000703e00000, 0x0000000800000000)
  region size 2048K, 5 young (10240K), 5 survivors (10240K)
 Metaspace       used 87360K, committed 88448K, reserved 1179648K
  class space    used 9814K, committed 10304K, reserved 1048576K
}
Event: 44.588 GC heap before
{Heap before GC invocations=75 (full 0):
 garbage-first heap   total 385024K, used 346153K [0x0000000703e00000, 0x0000000800000000)
  region size 2048K, 112 young (229376K), 5 survivors (10240K)
 Metaspace       used 87364K, committed 88448K, reserved 1179648K
  class space    used 9814K, committed 10304K, reserved 1048576K
}
Event: 44.593 GC heap after
{Heap after GC invocations=76 (full 0):
 garbage-first heap   total 385024K, used 127226K [0x0000000703e00000, 0x0000000800000000)
  region size 2048K, 5 young (10240K), 5 survivors (10240K)
 Metaspace       used 87364K, committed 88448K, reserved 1179648K
  class space    used 9814K, committed 10304K, reserved 1048576K
}
Event: 45.011 GC heap before
{Heap before GC invocations=76 (full 0):
 garbage-first heap   total 385024K, used 346362K [0x0000000703e00000, 0x0000000800000000)
  region size 2048K, 112 young (229376K), 5 survivors (10240K)
 Metaspace       used 87364K, committed 88448K, reserved 1179648K
  class space    used 9814K, committed 10304K, reserved 1048576K
}
Event: 45.017 GC heap after
{Heap after GC invocations=77 (full 0):
 garbage-first heap   total 385024K, used 129680K [0x0000000703e00000, 0x0000000800000000)
  region size 2048K, 6 young (12288K), 6 survivors (12288K)
 Metaspace       used 87364K, committed 88448K, reserved 1179648K
  class space    used 9814K, committed 10304K, reserved 1048576K
}
Event: 45.414 GC heap before
{Heap before GC invocations=78 (full 0):
 garbage-first heap   total 385024K, used 346768K [0x0000000703e00000, 0x0000000800000000)
  region size 2048K, 112 young (229376K), 6 survivors (12288K)
 Metaspace       used 87368K, committed 88448K, reserved 1179648K
  class space    used 9814K, committed 10304K, reserved 1048576K
}
Event: 45.419 GC heap after
{Heap after GC invocations=79 (full 0):
 garbage-first heap   total 385024K, used 130294K [0x0000000703e00000, 0x0000000800000000)
  region size 2048K, 6 young (12288K), 6 survivors (12288K)
 Metaspace       used 87368K, committed 88448K, reserved 1179648K
  class space    used 9814K, committed 10304K, reserved 1048576K
}
Event: 45.811 GC heap before
{Heap before GC invocations=79 (full 0):
 garbage-first heap   total 385024K, used 347382K [0x0000000703e00000, 0x0000000800000000)
  region size 2048K, 112 young (229376K), 6 survivors (12288K)
 Metaspace       used 87369K, committed 88448K, reserved 1179648K
  class space    used 9814K, committed 10304K, reserved 1048576K
}
Event: 45.818 GC heap after
{Heap after GC invocations=80 (full 0):
 garbage-first heap   total 385024K, used 131475K [0x0000000703e00000, 0x0000000800000000)
  region size 2048K, 6 young (12288K), 6 survivors (12288K)
 Metaspace       used 87369K, committed 88448K, reserved 1179648K
  class space    used 9814K, committed 10304K, reserved 1048576K
}
Event: 46.256 GC heap before
{Heap before GC invocations=81 (full 0):
 garbage-first heap   total 385024K, used 348563K [0x0000000703e00000, 0x0000000800000000)
  region size 2048K, 112 young (229376K), 6 survivors (12288K)
 Metaspace       used 87392K, committed 88448K, reserved 1179648K
  class space    used 9814K, committed 10304K, reserved 1048576K
}
Event: 46.263 GC heap after
{Heap after GC invocations=82 (full 0):
 garbage-first heap   total 385024K, used 131092K [0x0000000703e00000, 0x0000000800000000)
  region size 2048K, 5 young (10240K), 5 survivors (10240K)
 Metaspace       used 87392K, committed 88448K, reserved 1179648K
  class space    used 9814K, committed 10304K, reserved 1048576K
}
Event: 46.596 GC heap before
{Heap before GC invocations=82 (full 0):
 garbage-first heap   total 385024K, used 350228K [0x0000000703e00000, 0x0000000800000000)
  region size 2048K, 112 young (229376K), 5 survivors (10240K)
 Metaspace       used 87415K, committed 88448K, reserved 1179648K
  class space    used 9814K, committed 10304K, reserved 1048576K
}
Event: 46.603 GC heap after
{Heap after GC invocations=83 (full 0):
 garbage-first heap   total 385024K, used 133998K [0x0000000703e00000, 0x0000000800000000)
  region size 2048K, 7 young (14336K), 7 survivors (14336K)
 Metaspace       used 87415K, committed 88448K, reserved 1179648K
  class space    used 9814K, committed 10304K, reserved 1048576K
}
Event: 47.955 GC heap before
{Heap before GC invocations=84 (full 0):
 garbage-first heap   total 385024K, used 346990K [0x0000000703e00000, 0x0000000800000000)
  region size 2048K, 111 young (227328K), 7 survivors (14336K)
 Metaspace       used 88028K, committed 89152K, reserved 1179648K
  class space    used 9859K, committed 10368K, reserved 1048576K
}
Event: 47.963 GC heap after
{Heap after GC invocations=85 (full 0):
 garbage-first heap   total 385024K, used 136476K [0x0000000703e00000, 0x0000000800000000)
  region size 2048K, 7 young (14336K), 7 survivors (14336K)
 Metaspace       used 88028K, committed 89152K, reserved 1179648K
  class space    used 9859K, committed 10368K, reserved 1048576K
}
Event: 49.184 GC heap before
{Heap before GC invocations=85 (full 0):
 garbage-first heap   total 385024K, used 349468K [0x0000000703e00000, 0x0000000800000000)
  region size 2048K, 111 young (227328K), 7 survivors (14336K)
 Metaspace       used 88176K, committed 89280K, reserved 1179648K
  class space    used 9861K, committed 10368K, reserved 1048576K
}
Event: 49.194 GC heap after
{Heap after GC invocations=86 (full 0):
 garbage-first heap   total 385024K, used 137524K [0x0000000703e00000, 0x0000000800000000)
  region size 2048K, 8 young (16384K), 8 survivors (16384K)
 Metaspace       used 88176K, committed 89280K, reserved 1179648K
  class space    used 9861K, committed 10368K, reserved 1048576K
}
Event: 49.806 GC heap before
{Heap before GC invocations=87 (full 0):
 garbage-first heap   total 385024K, used 346420K [0x0000000703e00000, 0x0000000800000000)
  region size 2048K, 110 young (225280K), 8 survivors (16384K)
 Metaspace       used 88181K, committed 89280K, reserved 1179648K
  class space    used 9861K, committed 10368K, reserved 1048576K
}
Event: 49.846 GC heap after
{Heap after GC invocations=88 (full 0):
 garbage-first heap   total 385024K, used 141408K [0x0000000703e00000, 0x0000000800000000)
  region size 2048K, 10 young (20480K), 10 survivors (20480K)
 Metaspace       used 88181K, committed 89280K, reserved 1179648K
  class space    used 9861K, committed 10368K, reserved 1048576K
}
Event: 51.214 GC heap before
{Heap before GC invocations=88 (full 0):
 garbage-first heap   total 385024K, used 342112K [0x0000000703e00000, 0x0000000800000000)
  region size 2048K, 108 young (221184K), 10 survivors (20480K)
 Metaspace       used 88273K, committed 89344K, reserved 1179648K
  class space    used 9870K, committed 10368K, reserved 1048576K
}

